<?xml version="1.0" encoding="UTF-8"?>
<!-- Generated by org.testng.reporters.JUnitReportReporter -->
<testsuite hostname="SaiKiranBa" failures="0" tests="1" name="selenium.LaunchChromeTest" time="22.885" errors="0" timestamp="02 Jul 2021 05:42:54 GMT" skipped="0">
  <testcase classname="selenium.LaunchChromeTest" name="browsermethod" time="22.885"/>
</testsuite> <!-- selenium.LaunchChromeTest -->
